
> start
> node server.js

Redis not configured, cache disabled.
getaddrinfo EAI_AGAIN mongodb

> start
> node server.js --host

Redis not configured, cache disabled.
getaddrinfo EAI_AGAIN mongodb

> start
> node server.js

Redis not configured, cache disabled.
Database connected: mongodb://127.0.0.1:27017/wanderlust
Server is running on port 5000
Killed

> start
> node server.js

Redis not configured, cache disabled.
Database connected: mongodb://127.0.0.1:27017/wanderlust
Server is running on port 5000
Killed

> start
> node server.js

Redis not configured, cache disabled.
Database connected: mongodb://127.0.0.1:27017/wanderlust
Server is running on port 5000

> start
> node server.js

Redis not configured, cache disabled.
Database connected: mongodb://127.0.0.1:27017/wanderlust
node:events:496
      throw er; // Unhandled 'error' event
      ^

Error: listen EADDRINUSE: address already in use :::5000
    at Server.setupListenHandle [as _listen2] (node:net:1939:16)
    at listenInCluster (node:net:1996:12)
    at Server.listen (node:net:2101:7)
    at Function.listen (/home/ubuntu/Demo-wanderlust/backend/node_modules/express/lib/application.js:635:24)
    at file:///home/ubuntu/Demo-wanderlust/backend/server.js:14:9
    at process.processTicksAndRejections (node:internal/process/task_queues:105:5)
Emitted 'error' event on Server instance at:
    at emitErrorNT (node:net:1975:8)
    at process.processTicksAndRejections (node:internal/process/task_queues:90:21) {
  code: 'EADDRINUSE',
  errno: -98,
  syscall: 'listen',
  address: '::',
  port: 5000
}

Node.js v22.15.0
Killed

> start
> node server.js

Redis not configured, cache disabled.
Database connected: mongodb://127.0.0.1:27017/wanderlust
Server is running on port 5000

> start
> node server.js

Redis not configured, cache disabled.
Database connected: mongodb://127.0.0.1:27017/wanderlust
Server is running on port 5000

> start
> node server.js

Redis not configured, cache disabled.
getaddrinfo EAI_AGAIN mongodb

> start
> node server.js

Redis not configured, cache disabled.
Database connected: mongodb://127.0.0.1:27017/wanderlust
Server is running on port 5000
Killed
npm notice
npm notice New major version of npm available! 10.9.2 -> 11.3.0
npm notice Changelog: https://github.com/npm/cli/releases/tag/v11.3.0
npm notice To update run: npm install -g npm@11.3.0
npm notice

> start
> node server.js

Redis not configured, cache disabled.
Database connected: mongodb://127.0.0.1:27017/wanderlust
Server is running on port 5000
Killed

> start
> node server.js

Redis not configured, cache disabled.
Database connected: mongodb://127.0.0.1:27017/wanderlust
Server is running on port 5000
Killed

> start
> node server.js

Redis not configured, cache disabled.
Database connected: mongodb://127.0.0.1:27017/wanderlust
Server is running on port 5000
Killed

> start
> node server.js

Redis not configured, cache disabled.
Database connected: mongodb://127.0.0.1:27017/wanderlust
Server is running on port 5000
